TN:
SF:src/app.ts
FNF:0
FNH:0
DA:8,1
DA:9,1
DA:10,1
DA:12,1
DA:13,1
DA:14,1
DA:17,1
LF:7
LH:7
BRDA:13,0,0,1
BRF:1
BRH:1
end_of_record
TN:
SF:src/database.ts
FNF:0
FNH:0
DA:3,1
DA:4,1
LF:2
LH:2
BRF:0
BRH:0
end_of_record
TN:
SF:src/controllers/recommendationController.ts
FN:6,insert
FN:17,upvote
FN:25,downvote
FN:33,random
FN:39,get
FN:44,getTop
FN:51,getById
FNF:7
FNH:7
FNDA:2,insert
FNDA:2,upvote
FNDA:2,downvote
FNDA:2,random
FNDA:1,get
FNDA:1,getTop
FNDA:2,getById
DA:7,2
DA:8,2
DA:9,1
DA:12,1
DA:14,1
DA:18,2
DA:20,2
DA:22,1
DA:26,2
DA:28,2
DA:30,2
DA:34,2
DA:36,1
DA:40,1
DA:41,1
DA:45,1
DA:47,1
DA:48,1
DA:52,2
DA:54,2
DA:55,1
DA:58,1
LF:22
LH:22
BRDA:8,0,0,1
BRF:1
BRH:1
end_of_record
TN:
SF:src/middlewares/errorHandlerMiddleware.ts
FN:8,errorHandlerMiddleware
FNF:1
FNH:1
FNDA:4,errorHandlerMiddleware
DA:14,4
DA:16,4
DA:17,4
DA:20,0
LF:4
LH:3
BRDA:16,0,0,4
BRF:1
BRH:1
end_of_record
TN:
SF:src/repositories/recommendationRepository.ts
FN:5,create
FN:16,findAll
FN:26,getAmountByScore
FN:33,getFindAllFilter
FN:45,find
FN:51,findByName
FN:57,updateScore
FN:66,remove
FNF:8
FNH:8
FNDA:1,create
FNDA:5,findAll
FNDA:1,getAmountByScore
FNDA:5,getFindAllFilter
FNDA:6,find
FNDA:1,findByName
FNDA:3,updateScore
FNDA:1,remove
DA:6,1
DA:17,5
DA:19,5
DA:27,1
DA:36,5
DA:38,2
DA:40,2
DA:46,6
DA:52,1
DA:58,3
DA:67,1
DA:72,1
LF:12
LH:12
BRDA:36,0,0,3
BRF:1
BRH:1
end_of_record
TN:
SF:src/routers/recommendationRouter.ts
FNF:0
FNH:0
DA:4,1
DA:6,1
DA:7,1
DA:8,1
DA:9,1
DA:10,1
DA:11,1
DA:12,1
LF:8
LH:8
BRF:0
BRH:0
end_of_record
TN:
SF:src/routers/testRouter.ts
FN:6,(anonymous_7)
FN:6,(anonymous_8)
FNF:2
FNH:0
FNDA:0,(anonymous_7)
FNDA:0,(anonymous_8)
DA:4,1
DA:6,1
DA:7,0
DA:8,0
LF:4
LH:2
BRF:0
BRH:0
end_of_record
TN:
SF:src/schemas/recommendationsSchemas.ts
FNF:0
FNH:0
DA:4,1
DA:6,1
LF:2
LH:2
BRF:0
BRH:0
end_of_record
TN:
SF:src/services/recommendationsService.ts
FN:7,insert
FN:17,upvote
FN:23,downvote
FN:36,getByIdOrFail
FN:43,get
FN:47,getTop
FN:51,getRandom
FN:64,getByScore
FN:77,getScoreFilter
FNF:9
FNH:9
FNDA:1,insert
FNDA:2,upvote
FNDA:2,downvote
FNDA:6,getByIdOrFail
FNDA:1,get
FNDA:1,getTop
FNDA:2,getRandom
FNDA:2,getByScore
FNDA:2,getScoreFilter
DA:8,1
DA:11,1
DA:12,0
DA:14,1
DA:18,2
DA:20,1
DA:24,2
DA:26,2
DA:31,2
DA:32,1
DA:37,6
DA:38,6
DA:40,4
DA:44,1
DA:48,1
DA:52,2
DA:53,2
DA:55,2
DA:56,2
DA:57,1
DA:60,1
DA:61,1
DA:65,2
DA:70,2
DA:71,0
DA:74,2
DA:78,2
DA:79,1
DA:82,1
DA:85,1
LF:30
LH:28
BRDA:11,0,0,0
BRDA:31,1,0,1
BRDA:38,2,0,2
BRDA:56,3,0,1
BRDA:70,4,0,0
BRDA:78,5,0,1
BRF:6
BRH:4
end_of_record
TN:
SF:src/utils/errorUtils.ts
FN:7,isAppError
FN:11,errorTypeToStatusCode
FN:19,conflictError
FN:23,notFoundError
FN:27,unauthorizedError
FN:31,wrongSchemaError
FNF:6
FNH:4
FNDA:4,isAppError
FNDA:4,errorTypeToStatusCode
FNDA:0,conflictError
FNDA:3,notFoundError
FNDA:0,unauthorizedError
FNDA:1,wrongSchemaError
DA:8,4
DA:12,4
DA:13,4
DA:14,1
DA:15,1
DA:16,0
DA:20,0
DA:24,3
DA:28,0
DA:32,1
LF:10
LH:7
BRDA:12,0,0,0
BRDA:13,1,0,3
BRDA:14,2,0,0
BRDA:15,3,0,1
BRDA:20,4,0,0
BRDA:20,4,1,0
BRDA:20,5,0,0
BRDA:20,5,1,0
BRDA:24,6,0,0
BRDA:24,6,1,3
BRDA:24,7,0,3
BRDA:24,7,1,3
BRDA:28,8,0,0
BRDA:28,8,1,0
BRDA:28,9,0,0
BRDA:28,9,1,0
BRDA:32,10,0,0
BRDA:32,10,1,1
BRDA:32,11,0,1
BRDA:32,11,1,1
BRF:20
BRH:8
end_of_record
TN:
SF:tests/factories/recommendationFactory.ts
FN:5,recommendationBody
FN:15,recommendationBodyWrong
FN:25,getRecommendation
FN:31,createRecommendation
FN:39,createRecommendations
FN:49,setRecommendationScore
FNF:6
FNH:6
FNDA:19,recommendationBody
FNDA:2,recommendationBodyWrong
FNDA:3,getRecommendation
FNDA:4,createRecommendation
FNDA:2,createRecommendations
FNDA:1,setRecommendationScore
DA:7,19
DA:12,19
DA:17,2
DA:22,2
DA:26,3
DA:32,4
DA:34,4
DA:40,2
DA:41,2
DA:42,13
DA:43,13
DA:44,13
DA:46,2
DA:50,1
DA:58,1
LF:15
LH:15
BRF:0
BRH:0
end_of_record
